#-----------------------------------------------------------
# Vivado v2019.2 (64-bit)
# SW Build 2708876 on Wed Nov  6 21:40:23 MST 2019
# IP Build 2700528 on Thu Nov  7 00:09:20 MST 2019
# Start of session at: Thu Jul  4 22:38:25 2024
# Process ID: 17968
# Current directory: C:/Users/mohit/Desktop/DS-Project-FCL-main/FCL-on-FPGA-main/FCL-on-FPGA-main/FCL-final
# Command line: vivado.exe -gui_launcher_event rodinguilauncherevent20908 C:\Users\mohit\Desktop\DS-Project-FCL-main\FCL-on-FPGA-main\FCL-on-FPGA-main\FCL-final\project_bram.xpr
# Log file: C:/Users/mohit/Desktop/DS-Project-FCL-main/FCL-on-FPGA-main/FCL-on-FPGA-main/FCL-final/vivado.log
# Journal file: C:/Users/mohit/Desktop/DS-Project-FCL-main/FCL-on-FPGA-main/FCL-on-FPGA-main/FCL-final\vivado.jou
#-----------------------------------------------------------
start_gui
open_project C:/Users/mohit/Desktop/DS-Project-FCL-main/FCL-on-FPGA-main/FCL-on-FPGA-main/FCL-final/project_bram.xpr
INFO: [ProjectBase 1-489] The host OS only allows 260 characters in a normal path. The project is stored in a path with more than 80 characters. If you experience issues with IP, Block Designs, or files not being found, please consider moving the project to a location with a shorter path. Alternately consider using the OS subst command to map part of the path to a drive letter.
Current project path is 'C:/Users/mohit/Desktop/DS-Project-FCL-main/FCL-on-FPGA-main/FCL-on-FPGA-main/FCL-final'
INFO: [Project 1-313] Project file moved from 'C:/Users/anura/Downloads/project_bram_new/project_bram/project_bram' since last save.
Scanning sources...
Finished scanning sources
WARNING: [filemgmt 56-2] Board Part Repository Path: Could not find the directory 'C:/Users/mohit/Desktop/DS-Project-FCL-main/FCL-on-FPGA-main/AppData/Roaming/Xilinx/Vivado/2019.2/xhub/board_store', nor could it be found using path 'C:/Users/anura/Downloads/project_bram_new/AppData/Roaming/Xilinx/Vivado/2019.2/xhub/board_store'.
INFO: [IP_Flow 19-234] Refreshing IP repositories
INFO: [IP_Flow 19-1704] No user IP repositories specified
INFO: [IP_Flow 19-2313] Loaded Vivado IP repository 'C:/Xilinx/Vivado/2019.2/data/ip'.
open_project: Time (s): cpu = 00:00:07 ; elapsed = 00:00:10 . Memory (MB): peak = 1038.348 ; gain = 367.020
update_compile_order -fileset sources_1
exit
INFO: [Common 17-206] Exiting Vivado at Thu Jul  4 22:39:09 2024...
